<?xml version="1.0" encoding="UTF-8"?>
<!-- Generated by org.testng.reporters.JUnitXMLReporter -->
<testsuite hostname="Yogesh" ignored="0" name="API Testing" tests="4" failures="1" timestamp="23 Jun 2020 14:51:48 GMT" time="18.062" errors="0">
  <testcase name="feature" time="12.063" classname="com.restassured.runner.TestRunner"/>
  <testcase name="feature" time="1.593" classname="com.restassured.runner.TestRunner">
    <failure type="java.lang.AssertionError" message="1 expectation failed.
JSON path BrandName doesn&amp;apos;t match.
Expected: a string equal to &amp;quot;HP&amp;quot; ignoring case
  Actual: Sony
">
      <![CDATA[java.lang.AssertionError: 1 expectation failed.JSON path BrandName doesn't match.Expected: a string equal to "HP" ignoring case  Actual: Sonyat org.codehaus.groovy.runtime.callsite.ConstructorSite$ConstructorSiteNoUnwrap.callConstructor(ConstructorSite.java:84)at org.codehaus.groovy.runtime.callsite.CallSiteArray.defaultCallConstructor(CallSiteArray.java:59)at org.codehaus.groovy.runtime.callsite.AbstractCallSite.callConstructor(AbstractCallSite.java:237)at org.codehaus.groovy.runtime.callsite.AbstractCallSite.callConstructor(AbstractCallSite.java:249)at io.restassured.internal.ResponseSpecificationImpl$HamcrestAssertionClosure.validate(ResponseSpecificationImpl.groovy:493)at org.codehaus.groovy.runtime.callsite.PlainObjectMetaMethodSite.doInvoke(PlainObjectMetaMethodSite.java:43)at org.codehaus.groovy.runtime.callsite.PogoMetaMethodSite$PogoCachedMethodSiteNoUnwrapNoCoerce.invoke(PogoMetaMethodSite.java:190)at org.codehaus.groovy.runtime.callsite.PogoMetaMethodSite.call(PogoMetaMethodSite.java:70)at org.codehaus.groovy.runtime.callsite.CallSiteArray.defaultCall(CallSiteArray.java:47)at org.codehaus.groovy.runtime.callsite.AbstractCallSite.call(AbstractCallSite.java:115)at org.codehaus.groovy.runtime.callsite.AbstractCallSite.call(AbstractCallSite.java:127)at io.restassured.internal.ResponseSpecificationImpl.validateResponseIfRequired(ResponseSpecificationImpl.groovy:671)at org.codehaus.groovy.runtime.callsite.PlainObjectMetaMethodSite.doInvoke(PlainObjectMetaMethodSite.java:43)at org.codehaus.groovy.runtime.callsite.PogoMetaMethodSite$PogoCachedMethodSiteNoUnwrapNoCoerce.invoke(PogoMetaMethodSite.java:190)at org.codehaus.groovy.runtime.callsite.PogoMetaMethodSite.callCurrent(PogoMetaMethodSite.java:58)at org.codehaus.groovy.runtime.callsite.CallSiteArray.defaultCallCurrent(CallSiteArray.java:51)at org.codehaus.groovy.runtime.callsite.AbstractCallSite.callCurrent(AbstractCallSite.java:156)at org.codehaus.groovy.runtime.callsite.AbstractCallSite.callCurrent(AbstractCallSite.java:168)at io.restassured.internal.ResponseSpecificationImpl.body(ResponseSpecificationImpl.groovy:261)at org.codehaus.groovy.runtime.callsite.PlainObjectMetaMethodSite.doInvoke(PlainObjectMetaMethodSite.java:43)at org.codehaus.groovy.runtime.callsite.PogoMetaMethodSite$PogoCachedMethodSiteNoUnwrapNoCoerce.invoke(PogoMetaMethodSite.java:190)at org.codehaus.groovy.runtime.callsite.PogoMetaMethodSite.callCurrent(PogoMetaMethodSite.java:58)at org.codehaus.groovy.runtime.callsite.CallSiteArray.defaultCallCurrent(CallSiteArray.java:51)at org.codehaus.groovy.runtime.callsite.AbstractCallSite.callCurrent(AbstractCallSite.java:156)at org.codehaus.groovy.runtime.callsite.AbstractCallSite.callCurrent(AbstractCallSite.java:192)at io.restassured.internal.ResponseSpecificationImpl.body(ResponseSpecificationImpl.groovy:108)at io.restassured.internal.ValidatableResponseOptionsImpl.body(ValidatableResponseOptionsImpl.java:244)at io.restassured.internal.ValidatableResponseImpl.super$2$body(ValidatableResponseImpl.groovy)at groovy.lang.MetaMethod.doMethodInvoke(MetaMethod.java:323)at groovy.lang.MetaClassImpl.invokeMethod(MetaClassImpl.java:1217)at org.codehaus.groovy.runtime.ScriptBytecodeAdapter.invokeMethodOnSuperN(ScriptBytecodeAdapter.java:144)at io.restassured.internal.ValidatableResponseImpl.body(ValidatableResponseImpl.groovy:298)at io.restassured.internal.ValidatableResponseImpl.body(ValidatableResponseImpl.groovy)at com.restassured.restservicefunctions.RequestBuilder.assertRespBodyTagValue(RequestBuilder.java:245)at com.restassured.stepdef.servicesteps.CommonSteps.verify_the_brandname_of_requested_id(CommonSteps.java:61)at âœ½.verify the brandname of requested id(src/test/resources/GetRequestFeatures/AllGetMethodScenarios.feature:17)... Removed 23 stack frames]]>
    </failure>
  </testcase> <!-- feature -->
  <testcase name="feature" time="1.883" classname="com.restassured.runner.TestRunner"/>
  <testcase name="feature" time="0.515" classname="com.restassured.runner.TestRunner"/>
</testsuite> <!-- API Testing -->
